<?xml version="1.0" encoding="UTF-8"?>
<!-- Generated by org.testng.reporters.JUnitReportReporter -->
<testsuite hostname="DESKTOP-9HRVEFL" failures="0" tests="1" name="project.AppTest" time="5.477" errors="0" timestamp="2024-10-15T18:41:58 IST" skipped="0">
  <testcase classname="project.AppTest" name="AssertionChecking" time="5.477"/>
</testsuite> <!-- project.AppTest -->
