<?xml version="1.0" encoding="UTF-8"?>
<!-- Generated by org.testng.reporters.JUnitReportReporter -->
<testsuite hostname="DESKTOP-9HRVEFL" failures="0" tests="1" name="project.AppTest" time="0.006" errors="0" timestamp="2024-10-09T17:48:00 IST" skipped="0">
  <testcase classname="project.AppTest" name="shouldAnswerWithTrue" time="0.006"/>
</testsuite> <!-- project.AppTest -->
